# JRE version: Java(TM) SE Runtime Environment (8.0_172-b11) (build 1.8.0_172-b11)
# Java VM: Java HotSpot(TM) 64-Bit Server VM (25.172-b11 mixed mode windows-amd64 compressed oops)
Heap:
 PSYoungGen      total 109568K, used 18612K [0x000000076b580000, 0x0000000772580000, 0x00000007c0000000)
  eden space 104448K, 13% used [0x000000076b580000,0x000000076c3ad3e8,0x0000000771b80000)
  from space 5120K, 80% used [0x0000000772080000,0x0000000772480010,0x0000000772580000)
  to   space 5120K, 0% used [0x0000000771b80000,0x0000000771b80000,0x0000000772080000)
 ParOldGen       total 173568K, used 2920K [0x00000006c2000000, 0x00000006cc980000, 0x000000076b580000)
  object space 173568K, 1% used [0x00000006c2000000,0x00000006c22da1f0,0x00000006cc980000)
 Metaspace       used 9203K, capacity 9472K, committed 9600K, reserved 1058816K
  class space    used 1028K, capacity 1134K, committed 1152K, reserved 1048576K
GC Heap History (10 events):
Event: 0.933 GC heap before
{Heap before GC invocations=18 (full 0):
 PSYoungGen      total 109568K, used 104480K [0x000000076b580000, 0x0000000772580000, 0x00000007c0000000)
  eden space 104448K, 100% used [0x000000076b580000,0x0000000771b80000,0x0000000771b80000)
  from space 5120K, 0% used [0x0000000771b80000,0x0000000771b88000,0x0000000772080000)
  to   space 5120K, 0% used [0x0000000772080000,0x0000000772080000,0x0000000772580000)
 ParOldGen       total 173568K, used 2912K [0x00000006c2000000, 0x00000006cc980000, 0x000000076b580000)
  object space 173568K, 1% used [0x00000006c2000000,0x00000006c22d81f0,0x00000006cc980000)
 Metaspace       used 8892K, capacity 9088K, committed 9344K, reserved 1056768K
  class space    used 989K, capacity 1070K, committed 1152K, reserved 1048576K
Event: 0.933 GC heap after
Heap after GC invocations=18 (full 0):
 PSYoungGen      total 109568K, used 55K [0x000000076b580000, 0x0000000772580000, 0x00000007c0000000)
  eden space 104448K, 0% used [0x000000076b580000,0x000000076b580000,0x0000000771b80000)
  from space 5120K, 1% used [0x0000000772080000,0x000000077208dcc8,0x0000000772580000)
  to   space 5120K, 0% used [0x0000000771b80000,0x0000000771b80000,0x0000000772080000)
 ParOldGen       total 173568K, used 2912K [0x00000006c2000000, 0x00000006cc980000, 0x000000076b580000)
  object space 173568K, 1% used [0x00000006c2000000,0x00000006c22d81f0,0x00000006cc980000)
 Metaspace       used 8892K, capacity 9088K, committed 9344K, reserved 1056768K
  class space    used 989K, capacity 1070K, committed 1152K, reserved 1048576K
}
Event: 0.950 GC heap before
{Heap before GC invocations=19 (full 0):
 PSYoungGen      total 109568K, used 104503K [0x000000076b580000, 0x0000000772580000, 0x00000007c0000000)
  eden space 104448K, 100% used [0x000000076b580000,0x0000000771b80000,0x0000000771b80000)
  from space 5120K, 1% used [0x0000000772080000,0x000000077208dcc8,0x0000000772580000)
  to   space 5120K, 0% used [0x0000000771b80000,0x0000000771b80000,0x0000000772080000)
 ParOldGen       total 173568K, used 2912K [0x00000006c2000000, 0x00000006cc980000, 0x000000076b580000)
  object space 173568K, 1% used [0x00000006c2000000,0x00000006c22d81f0,0x00000006cc980000)
 Metaspace       used 8892K, capacity 9088K, committed 9344K, reserved 1056768K
  class space    used 989K, capacity 1070K, committed 1152K, reserved 1048576K
Event: 0.950 GC heap after
Heap after GC invocations=19 (full 0):
 PSYoungGen      total 109568K, used 32K [0x000000076b580000, 0x0000000772580000, 0x00000007c0000000)
  eden space 104448K, 0% used [0x000000076b580000,0x000000076b580000,0x0000000771b80000)
  from space 5120K, 0% used [0x0000000771b80000,0x0000000771b88000,0x0000000772080000)
  to   space 5120K, 0% used [0x0000000772080000,0x0000000772080000,0x0000000772580000)
 ParOldGen       total 173568K, used 2912K [0x00000006c2000000, 0x00000006cc980000, 0x000000076b580000)
  object space 173568K, 1% used [0x00000006c2000000,0x00000006c22d81f0,0x00000006cc980000)
 Metaspace       used 8892K, capacity 9088K, committed 9344K, reserved 1056768K
  class space    used 989K, capacity 1070K, committed 1152K, reserved 1048576K
}
Event: 0.968 GC heap before
{Heap before GC invocations=20 (full 0):
 PSYoungGen      total 109568K, used 104480K [0x000000076b580000, 0x0000000772580000, 0x00000007c0000000)
  eden space 104448K, 100% used [0x000000076b580000,0x0000000771b80000,0x0000000771b80000)
  from space 5120K, 0% used [0x0000000771b80000,0x0000000771b88000,0x0000000772080000)
  to   space 5120K, 0% used [0x0000000772080000,0x0000000772080000,0x0000000772580000)
 ParOldGen       total 173568K, used 2912K [0x00000006c2000000, 0x00000006cc980000, 0x000000076b580000)
  object space 173568K, 1% used [0x00000006c2000000,0x00000006c22d81f0,0x00000006cc980000)
 Metaspace       used 8892K, capacity 9088K, committed 9344K, reserved 1056768K
  class space    used 989K, capacity 1070K, committed 1152K, reserved 1048576K
Event: 0.968 GC heap after
Heap after GC invocations=20 (full 0):
 PSYoungGen      total 109568K, used 32K [0x000000076b580000, 0x0000000772580000, 0x00000007c0000000)
  eden space 104448K, 0% used [0x000000076b580000,0x000000076b580000,0x0000000771b80000)
  from space 5120K, 0% used [0x0000000772080000,0x0000000772088000,0x0000000772580000)
  to   space 5120K, 0% used [0x0000000771b80000,0x0000000771b80000,0x0000000772080000)
 ParOldGen       total 173568K, used 2912K [0x00000006c2000000, 0x00000006cc980000, 0x000000076b580000)
  object space 173568K, 1% used [0x00000006c2000000,0x00000006c22d81f0,0x00000006cc980000)
 Metaspace       used 8892K, capacity 9088K, committed 9344K, reserved 1056768K
  class space    used 989K, capacity 1070K, committed 1152K, reserved 1048576K
}
Event: 0.984 GC heap before
{Heap before GC invocations=21 (full 0):
 PSYoungGen      total 109568K, used 104480K [0x000000076b580000, 0x0000000772580000, 0x00000007c0000000)
  eden space 104448K, 100% used [0x000000076b580000,0x0000000771b80000,0x0000000771b80000)
  from space 5120K, 0% used [0x0000000772080000,0x0000000772088000,0x0000000772580000)
  to   space 5120K, 0% used [0x0000000771b80000,0x0000000771b80000,0x0000000772080000)
 ParOldGen       total 173568K, used 2912K [0x00000006c2000000, 0x00000006cc980000, 0x000000076b580000)
  object space 173568K, 1% used [0x00000006c2000000,0x00000006c22d81f0,0x00000006cc980000)
 Metaspace       used 8892K, capacity 9088K, committed 9344K, reserved 1056768K
  class space    used 989K, capacity 1070K, committed 1152K, reserved 1048576K
Event: 0.984 GC heap after
Heap after GC invocations=21 (full 0):
 PSYoungGen      total 109568K, used 99K [0x000000076b580000, 0x0000000772580000, 0x00000007c0000000)
  eden space 104448K, 0% used [0x000000076b580000,0x000000076b580000,0x0000000771b80000)
  from space 5120K, 1% used [0x0000000771b80000,0x0000000771b98ed0,0x0000000772080000)
  to   space 5120K, 0% used [0x0000000772080000,0x0000000772080000,0x0000000772580000)
 ParOldGen       total 173568K, used 2912K [0x00000006c2000000, 0x00000006cc980000, 0x000000076b580000)
  object space 173568K, 1% used [0x00000006c2000000,0x00000006c22d81f0,0x00000006cc980000)
 Metaspace       used 8892K, capacity 9088K, committed 9344K, reserved 1056768K
  class space    used 989K, capacity 1070K, committed 1152K, reserved 1048576K
}
Event: 1.167 GC heap before
{Heap before GC invocations=22 (full 0):
 PSYoungGen      total 109568K, used 104547K [0x000000076b580000, 0x0000000772580000, 0x00000007c0000000)
  eden space 104448K, 100% used [0x000000076b580000,0x0000000771b80000,0x0000000771b80000)
  from space 5120K, 1% used [0x0000000771b80000,0x0000000771b98ed0,0x0000000772080000)
  to   space 5120K, 0% used [0x0000000772080000,0x0000000772080000,0x0000000772580000)
 ParOldGen       total 173568K, used 2912K [0x00000006c2000000, 0x00000006cc980000, 0x000000076b580000)
  object space 173568K, 1% used [0x00000006c2000000,0x00000006c22d81f0,0x00000006cc980000)
 Metaspace       used 9203K, capacity 9472K, committed 9600K, reserved 1058816K
  class space    used 1028K, capacity 1134K, committed 1152K, reserved 1048576K
Event: 1.170 GC heap after
Heap after GC invocations=22 (full 0):
 PSYoungGen      total 109568K, used 4096K [0x000000076b580000, 0x0000000772580000, 0x00000007c0000000)
  eden space 104448K, 0% used [0x000000076b580000,0x000000076b580000,0x0000000771b80000)
  from space 5120K, 80% used [0x0000000772080000,0x0000000772480010,0x0000000772580000)
  to   space 5120K, 0% used [0x0000000771b80000,0x0000000771b80000,0x0000000772080000)
 ParOldGen       total 173568K, used 2920K [0x00000006c2000000, 0x00000006cc980000, 0x000000076b580000)
  object space 173568K, 1% used [0x00000006c2000000,0x00000006c22da1f0,0x00000006cc980000)
 Metaspace       used 9203K, capacity 9472K, committed 9600K, reserved 1058816K
  class space    used 1028K, capacity 1134K, committed 1152K, reserved 1048576K
}

